<?xml version="1.0" encoding="UTF-8"?>
<!-- Generated by org.testng.reporters.JUnitReportReporter -->
<testsuite hostname="LAPTOP-URFL871G" failures="0" tests="1" name="rahulshettyacademy.tests.ErrorValidationsTest" time="27.527" errors="0" timestamp="2025-02-08T23:20:53 IST" skipped="0">
  <testcase classname="rahulshettyacademy.tests.ErrorValidationsTest" name="LoginErrorValidation" time="27.527"/>
</testsuite> <!-- rahulshettyacademy.tests.ErrorValidationsTest -->
